<?xml version="1.0" encoding="UTF-8"?>
<!-- Generated by org.testng.reporters.JUnitReportReporter -->
<testsuite hostname="DESKTOP-BKVHFCN" failures="0" tests="1" name="testcases.SellStock" time="0.014" errors="0" timestamp="2022-12-22T07:26:08 IST" skipped="0">
  <testcase classname="testcases.SellStock" name="sellStock" time="0.014"/>
</testsuite> <!-- testcases.SellStock -->
