<?xml version="1.0" encoding="UTF-8"?>
<!-- Generated by org.testng.reporters.JUnitReportReporter -->
<testsuite hostname="DESKTOP-BKVHFCN" failures="0" tests="3" name="Portfolio" time="14.983" errors="0" timestamp="2022-12-20T07:23:51 IST" skipped="2">
  <testcase classname="Portfolio" name="createPortFolio" time="0.019">
    <skipped/>
  </testcase> <!-- createPortFolio -->
  <testcase classname="Portfolio" name="createPortFolio" time="14.616"/>
  <testcase classname="Portfolio" name="createPortFolio" time="0.348">
    <skipped/>
  </testcase> <!-- createPortFolio -->
</testsuite> <!-- Portfolio -->
