<?xml version="1.0" encoding="UTF-8"?>
<!-- Generated by org.testng.reporters.JUnitReportReporter -->
<testsuite skipped="2" hostname="DESKTOP-BKVHFCN" name="testcases.CreatePortfolio" tests="3" failures="0" timestamp="2022-12-29T07:18:01 IST" time="11.097" errors="0">
  <testcase name="createPortFolio" time="1.772" classname="testcases.CreatePortfolio">
    <skipped/>
  </testcase> <!-- createPortFolio -->
  <testcase name="createPortFolio" time="0.030" classname="testcases.CreatePortfolio">
    <skipped/>
  </testcase> <!-- createPortFolio -->
  <testcase name="createPortFolio" time="9.295" classname="testcases.CreatePortfolio"/>
</testsuite> <!-- testcases.CreatePortfolio -->
