<?xml version="1.0" encoding="UTF-8"?>
<!-- Generated by org.testng.reporters.JUnitReportReporter -->
<testsuite skipped="2" hostname="DESKTOP-BKVHFCN" name="testcases.BuyStock" tests="3" failures="0" timestamp="2022-12-29T07:18:01 IST" time="14.961" errors="0">
  <testcase name="buyStock" time="0.016" classname="testcases.BuyStock">
    <skipped/>
  </testcase> <!-- buyStock -->
  <testcase name="buyStock" time="14.935" classname="testcases.BuyStock"/>
  <testcase name="buyStock" time="0.010" classname="testcases.BuyStock">
    <skipped/>
  </testcase> <!-- buyStock -->
</testsuite> <!-- testcases.BuyStock -->
